(0000) 3000  0011000000000000 (   9)                 .ORIG x3000
(3000) E04D  1110000001001101 (  12)                 LEA   R0 GREETING
(3001) F022  1111000000100010 (  13)                 TRAP  x22
(3002) E06E  1110000001101110 (  16) LOOP            LEA   R0 QUESTION
(3003) F022  1111000000100010 (  17)                 TRAP  x22
(3004) 5020  0101000000100000 (  20)                 AND   R0 R0 #0
(3005) 5260  0101001001100000 (  21)                 AND   R1 R1 #0
(3006) 54A0  0101010010100000 (  22)                 AND   R2 R2 #0
(3007) F020  1111000000100000 (  25) INPUT           TRAP  x20
(3008) F021  1111000000100001 (  26)                 TRAP  x21
(3009) 56E0  0101011011100000 (  29)                 AND   R3 R3 #0
(300A) 5920  0101100100100000 (  30)                 AND   R4 R4 #0
(300B) 5B60  0101101101100000 (  31)                 AND   R5 R5 #0
(300C) 5DA0  0101110110100000 (  32)                 AND   R6 R6 #0
(300D) 5FE0  0101111111100000 (  33)                 AND   R7 R7 #0
(300E) 5B60  0101101101100000 (  37)                 AND   R5 R5 #0
(300F) 2AC2  0010101011000010 (  38)                 LD    R5 NEGATIVE
(3010) 5920  0101100100100000 (  39)                 AND   R4 R4 #0
(3011) 1900  0001100100000000 (  40)                 ADD   R4 R4 R0
(3012) 1905  0001100100000101 (  41)                 ADD   R4 R4 R5
(3013) 0415  0000010000010101 (  42)                 BRZ   NEG
(3014) 16C0  0001011011000000 (  46)                 ADD   R3 R3 R0
(3015) 16F6  0001011011110110 (  47)                 ADD   R3 R3 #-10
(3016) 0417  0000010000010111 (  48)                 BRZ   NEXT
(3017) 5B60  0101101101100000 (  52)                 AND   R5 R5 #0
(3018) 2AB7  0010101010110111 (  53)                 LD    R5 X
(3019) 5920  0101100100100000 (  54)                 AND   R4 R4 #0
(301A) 1900  0001100100000000 (  55)                 ADD   R4 R4 R0
(301B) 1905  0001100100000101 (  56)                 ADD   R4 R4 R5
(301C) 042E  0000010000101110 (  57)                 BRZ   END
(301D) 5B60  0101101101100000 (  61)                 AND   R5 R5 #0
(301E) 2AB2  0010101010110010 (  62)                 LD    R5 NUMBERS
(301F) 1D80  0001110110000000 (  63)                 ADD   R6 R6 R0
(3020) 1D85  0001110110000101 (  64)                 ADD   R6 R6 R5
(3021) 1FE9  0001111111101001 (  68)                 ADD   R7 R7 #9
(3022) 56E0  0101011011100000 (  69)                 AND   R3 R3 #0
(3023) 16C2  0001011011000010 (  70)                 ADD   R3 R3 R2
(3024) 1483  0001010010000011 (  73) FOR             ADD   R2 R2 R3
(3025) 1FFF  0001111111111111 (  74)                 ADD   R7 R7 #-1
(3026) 03FD  0000001111111101 (  75)                 BRP   FOR
(3027) 1486  0001010010000110 (  78)                 ADD   R2 R2 R6
(3028) 0FDE  0000111111011110 (  79)                 BRNZP INPUT
(3029) 1261  0001001001100001 (  82) NEG             ADD   R1 R1 #1
(302A) 0FDC  0000111111011100 (  83)                 BRNZP INPUT
(302B) 94BF  1001010010111111 (  86) INVERSE         NOT   R2 R2
(302C) 14A1  0001010010100001 (  87)                 ADD   R2 R2 #1
(302D) 0E02  0000111000000010 (  88)                 BRNZP READ
(302E) 1260  0001001001100000 (  91) NEXT            ADD   R1 R1 #0
(302F) 03FB  0000001111111011 (  92)                 BRP   INVERSE
(3030) E067  1110000001100111 (  95) READ            LEA   R0 ANSWER
(3031) F022  1111000000100010 (  96)                 TRAP  x22
(3032) 56E0  0101011011100000 (  99)                 AND   R3 R3 #0
(3033) 5920  0101100100100000 ( 100)                 AND   R4 R4 #0
(3034) 5B60  0101101101100000 ( 101)                 AND   R5 R5 #0
(3035) 5DA0  0101110110100000 ( 104) MASKLOOP        AND   R6 R6 #0
(3036) E69C  1110011010011100 ( 105)                 LEA   R3 MASK
(3037) 16C4  0001011011000100 ( 106)                 ADD   R3 R3 R4
(3038) 66C0  0110011011000000 ( 107)                 LDR   R3 R3 #0
(3039) 5CC2  0101110011000010 ( 108)                 AND   R6 R3 R2
(303A) 0408  0000010000001000 ( 109)                 BRZ   OUTZERO
(303B) 0A0B  0000101000001011 ( 110)                 BRNP  OUTONE
(303C) 1921  0001100100100001 ( 113) MASKCONT        ADD   R4 R4 #1
(303D) 1B30  0001101100110000 ( 114)                 ADD   R5 R4 #-16
(303E) 09F6  0000100111110110 ( 115)                 BRN   MASKLOOP
(303F) 5020  0101000000100000 ( 118)                 AND   R0 R0 #0
(3040) 102A  0001000000101010 ( 119)                 ADD   R0 R0 #10
(3041) F021  1111000000100001 ( 120)                 TRAP  x21
(3042) 0FBF  0000111110111111 ( 121)                 BRNZP LOOP
(3043) 5020  0101000000100000 ( 124) OUTZERO         AND   R0 R0 #0
(3044) 2089  0010000010001001 ( 125)                 LD    R0 ZERO
(3045) F021  1111000000100001 ( 126)                 TRAP  x21
(3046) 0FF5  0000111111110101 ( 127)                 BRNZP MASKCONT
(3047) 5020  0101000000100000 ( 130) OUTONE          AND   R0 R0 #0
(3048) 2086  0010000010000110 ( 131)                 LD    R0 ONE
(3049) F021  1111000000100001 ( 132)                 TRAP  x21
(304A) 0FF1  0000111111110001 ( 133)                 BRNZP MASKCONT
(304B) E06A  1110000001101010 ( 136) END             LEA   R0 OVER
(304C) F022  1111000000100010 ( 137)                 TRAP  x22
(304D) F025  1111000000100101 ( 138)                 TRAP  x25
(304E) 0057  0000000001010111 ( 141) GREETING        .FILL x0057
(304F) 0065  0000000001100101 ( 141)                 .FILL x0065
(3050) 006C  0000000001101100 ( 141)                 .FILL x006C
(3051) 0063  0000000001100011 ( 141)                 .FILL x0063
(3052) 006F  0000000001101111 ( 141)                 .FILL x006F
(3053) 006D  0000000001101101 ( 141)                 .FILL x006D
(3054) 0065  0000000001100101 ( 141)                 .FILL x0065
(3055) 0020  0000000000100000 ( 141)                 .FILL x0020
(3056) 0074  0000000001110100 ( 141)                 .FILL x0074
(3057) 006F  0000000001101111 ( 141)                 .FILL x006F
(3058) 0020  0000000000100000 ( 141)                 .FILL x0020
(3059) 0074  0000000001110100 ( 141)                 .FILL x0074
(305A) 0068  0000000001101000 ( 141)                 .FILL x0068
(305B) 0065  0000000001100101 ( 141)                 .FILL x0065
(305C) 0020  0000000000100000 ( 141)                 .FILL x0020
(305D) 0043  0000000001000011 ( 141)                 .FILL x0043
(305E) 006F  0000000001101111 ( 141)                 .FILL x006F
(305F) 006E  0000000001101110 ( 141)                 .FILL x006E
(3060) 0076  0000000001110110 ( 141)                 .FILL x0076
(3061) 0065  0000000001100101 ( 141)                 .FILL x0065
(3062) 0072  0000000001110010 ( 141)                 .FILL x0072
(3063) 0073  0000000001110011 ( 141)                 .FILL x0073
(3064) 0069  0000000001101001 ( 141)                 .FILL x0069
(3065) 006F  0000000001101111 ( 141)                 .FILL x006F
(3066) 006E  0000000001101110 ( 141)                 .FILL x006E
(3067) 0020  0000000000100000 ( 141)                 .FILL x0020
(3068) 0050  0000000001010000 ( 141)                 .FILL x0050
(3069) 0072  0000000001110010 ( 141)                 .FILL x0072
(306A) 006F  0000000001101111 ( 141)                 .FILL x006F
(306B) 0067  0000000001100111 ( 141)                 .FILL x0067
(306C) 0072  0000000001110010 ( 141)                 .FILL x0072
(306D) 0061  0000000001100001 ( 141)                 .FILL x0061
(306E) 006D  0000000001101101 ( 141)                 .FILL x006D
(306F) 000A  0000000000001010 ( 141)                 .FILL x000A
(3070) 0000  0000000000000000 ( 141)                 .FILL x0000
(3071) 0045  0000000001000101 ( 142) QUESTION        .FILL x0045
(3072) 006E  0000000001101110 ( 142)                 .FILL x006E
(3073) 0074  0000000001110100 ( 142)                 .FILL x0074
(3074) 0065  0000000001100101 ( 142)                 .FILL x0065
(3075) 0072  0000000001110010 ( 142)                 .FILL x0072
(3076) 0020  0000000000100000 ( 142)                 .FILL x0020
(3077) 0061  0000000001100001 ( 142)                 .FILL x0061
(3078) 0020  0000000000100000 ( 142)                 .FILL x0020
(3079) 0064  0000000001100100 ( 142)                 .FILL x0064
(307A) 0065  0000000001100101 ( 142)                 .FILL x0065
(307B) 0063  0000000001100011 ( 142)                 .FILL x0063
(307C) 0069  0000000001101001 ( 142)                 .FILL x0069
(307D) 006D  0000000001101101 ( 142)                 .FILL x006D
(307E) 0061  0000000001100001 ( 142)                 .FILL x0061
(307F) 006C  0000000001101100 ( 142)                 .FILL x006C
(3080) 0020  0000000000100000 ( 142)                 .FILL x0020
(3081) 006E  0000000001101110 ( 142)                 .FILL x006E
(3082) 0075  0000000001110101 ( 142)                 .FILL x0075
(3083) 006D  0000000001101101 ( 142)                 .FILL x006D
(3084) 0062  0000000001100010 ( 142)                 .FILL x0062
(3085) 0065  0000000001100101 ( 142)                 .FILL x0065
(3086) 0072  0000000001110010 ( 142)                 .FILL x0072
(3087) 0020  0000000000100000 ( 142)                 .FILL x0020
(3088) 006F  0000000001101111 ( 142)                 .FILL x006F
(3089) 0072  0000000001110010 ( 142)                 .FILL x0072
(308A) 0020  0000000000100000 ( 142)                 .FILL x0020
(308B) 0058  0000000001011000 ( 142)                 .FILL x0058
(308C) 0020  0000000000100000 ( 142)                 .FILL x0020
(308D) 0074  0000000001110100 ( 142)                 .FILL x0074
(308E) 006F  0000000001101111 ( 142)                 .FILL x006F
(308F) 0020  0000000000100000 ( 142)                 .FILL x0020
(3090) 0071  0000000001110001 ( 142)                 .FILL x0071
(3091) 0075  0000000001110101 ( 142)                 .FILL x0075
(3092) 0069  0000000001101001 ( 142)                 .FILL x0069
(3093) 0074  0000000001110100 ( 142)                 .FILL x0074
(3094) 003A  0000000000111010 ( 142)                 .FILL x003A
(3095) 0020  0000000000100000 ( 142)                 .FILL x0020
(3096) 000A  0000000000001010 ( 142)                 .FILL x000A
(3097) 0000  0000000000000000 ( 142)                 .FILL x0000
(3098) 0054  0000000001010100 ( 143) ANSWER          .FILL x0054
(3099) 0068  0000000001101000 ( 143)                 .FILL x0068
(309A) 0061  0000000001100001 ( 143)                 .FILL x0061
(309B) 006E  0000000001101110 ( 143)                 .FILL x006E
(309C) 006B  0000000001101011 ( 143)                 .FILL x006B
(309D) 0073  0000000001110011 ( 143)                 .FILL x0073
(309E) 002C  0000000000101100 ( 143)                 .FILL x002C
(309F) 0020  0000000000100000 ( 143)                 .FILL x0020
(30A0) 0068  0000000001101000 ( 143)                 .FILL x0068
(30A1) 0065  0000000001100101 ( 143)                 .FILL x0065
(30A2) 0072  0000000001110010 ( 143)                 .FILL x0072
(30A3) 0065  0000000001100101 ( 143)                 .FILL x0065
(30A4) 0020  0000000000100000 ( 143)                 .FILL x0020
(30A5) 0069  0000000001101001 ( 143)                 .FILL x0069
(30A6) 0074  0000000001110100 ( 143)                 .FILL x0074
(30A7) 0020  0000000000100000 ( 143)                 .FILL x0020
(30A8) 0069  0000000001101001 ( 143)                 .FILL x0069
(30A9) 0073  0000000001110011 ( 143)                 .FILL x0073
(30AA) 0020  0000000000100000 ( 143)                 .FILL x0020
(30AB) 0069  0000000001101001 ( 143)                 .FILL x0069
(30AC) 006E  0000000001101110 ( 143)                 .FILL x006E
(30AD) 0020  0000000000100000 ( 143)                 .FILL x0020
(30AE) 0062  0000000001100010 ( 143)                 .FILL x0062
(30AF) 0069  0000000001101001 ( 143)                 .FILL x0069
(30B0) 006E  0000000001101110 ( 143)                 .FILL x006E
(30B1) 0061  0000000001100001 ( 143)                 .FILL x0061
(30B2) 0072  0000000001110010 ( 143)                 .FILL x0072
(30B3) 0079  0000000001111001 ( 143)                 .FILL x0079
(30B4) 000A  0000000000001010 ( 143)                 .FILL x000A
(30B5) 0000  0000000000000000 ( 143)                 .FILL x0000
(30B6) 000A  0000000000001010 ( 144) OVER            .FILL x000A
(30B7) 0042  0000000001000010 ( 144)                 .FILL x0042
(30B8) 0079  0000000001111001 ( 144)                 .FILL x0079
(30B9) 0065  0000000001100101 ( 144)                 .FILL x0065
(30BA) 002E  0000000000101110 ( 144)                 .FILL x002E
(30BB) 0020  0000000000100000 ( 144)                 .FILL x0020
(30BC) 0048  0000000001001000 ( 144)                 .FILL x0048
(30BD) 0061  0000000001100001 ( 144)                 .FILL x0061
(30BE) 0076  0000000001110110 ( 144)                 .FILL x0076
(30BF) 0065  0000000001100101 ( 144)                 .FILL x0065
(30C0) 0020  0000000000100000 ( 144)                 .FILL x0020
(30C1) 0061  0000000001100001 ( 144)                 .FILL x0061
(30C2) 0020  0000000000100000 ( 144)                 .FILL x0020
(30C3) 0067  0000000001100111 ( 144)                 .FILL x0067
(30C4) 0072  0000000001110010 ( 144)                 .FILL x0072
(30C5) 0065  0000000001100101 ( 144)                 .FILL x0065
(30C6) 0061  0000000001100001 ( 144)                 .FILL x0061
(30C7) 0074  0000000001110100 ( 144)                 .FILL x0074
(30C8) 0020  0000000000100000 ( 144)                 .FILL x0020
(30C9) 0064  0000000001100100 ( 144)                 .FILL x0064
(30CA) 0061  0000000001100001 ( 144)                 .FILL x0061
(30CB) 0079  0000000001111001 ( 144)                 .FILL x0079
(30CC) 002E  0000000000101110 ( 144)                 .FILL x002E
(30CD) 0000  0000000000000000 ( 144)                 .FILL x0000
(30CE) 0030  0000000000110000 ( 147) ZERO            .FILL x0030
(30CF) 0031  0000000000110001 ( 148) ONE             .FILL x0031
(30D0) FFA8  1111111110101000 ( 149) X               .FILL xFFA8
(30D1) FFD0  1111111111010000 ( 150) NUMBERS         .FILL xFFD0
(30D2) FFD3  1111111111010011 ( 151) NEGATIVE        .FILL xFFD3
(30D3) 8000  1000000000000000 ( 154) MASK            .FILL x8000
(30D4) 4000  0100000000000000 ( 155)                 .FILL x4000
(30D5) 2000  0010000000000000 ( 156)                 .FILL x2000
(30D6) 1000  0001000000000000 ( 157)                 .FILL x1000
(30D7) 0800  0000100000000000 ( 159)                 .FILL x0800
(30D8) 0400  0000010000000000 ( 160)                 .FILL x0400
(30D9) 0200  0000001000000000 ( 161)                 .FILL x0200
(30DA) 0100  0000000100000000 ( 162)                 .FILL x0100
(30DB) 0080  0000000010000000 ( 164)                 .FILL x0080
(30DC) 0040  0000000001000000 ( 165)                 .FILL x0040
(30DD) 0020  0000000000100000 ( 166)                 .FILL x0020
(30DE) 0010  0000000000010000 ( 167)                 .FILL x0010
(30DF) 0008  0000000000001000 ( 170)                 .FILL x0008
(30E0) 0004  0000000000000100 ( 171)                 .FILL x0004
(30E1) 0002  0000000000000010 ( 172)                 .FILL x0002
(30E2) 0001  0000000000000001 ( 173)                 .FILL x0001
