(0000) 3000  0011000000000000 (   8)                 .ORIG x3000
(3000) 5020  0101000000100000 (  11)                 AND   R0 R0 #0
(3001) 5260  0101001001100000 (  12)                 AND   R1 R1 #0
(3002) 54A0  0101010010100000 (  13)                 AND   R2 R2 #0
(3003) 56E0  0101011011100000 (  14)                 AND   R3 R3 #0
(3004) 5920  0101100100100000 (  15)                 AND   R4 R4 #0
(3005) 5B60  0101101101100000 (  16)                 AND   R5 R5 #0
(3006) 5DA0  0101110110100000 (  17)                 AND   R6 R6 #0
(3007) 5FE0  0101111111100000 (  18)                 AND   R7 R7 #0
(3008) E061  1110000001100001 (  21)                 LEA   R0 GREETING
(3009) F022  1111000000100010 (  22)                 TRAP  x22
(300A) E08C  1110000010001100 (  25) LOOP            LEA   R0 QUESTION
(300B) F022  1111000000100010 (  26)                 TRAP  x22
(300C) F020  1111000000100000 (  29) INPUT           TRAP  x20
(300D) F021  1111000000100001 (  30)                 TRAP  x21
(300E) 490A  0100100100001010 (  33)                 JSR   rARRAY
(300F) 5B60  0101101101100000 (  34)                 AND   R5 R5 #0
(3010) 3AF6  0011101011110110 (  35)                 ST    R5 MOVED
(3011) 5B60  0101101101100000 (  39)                 AND   R5 R5 #0
(3012) 2AFD  0010101011111101 (  40)                 LD    R5 X
(3013) 5DA0  0101110110100000 (  41)                 AND   R6 R6 #0
(3014) 1D80  0001110110000000 (  42)                 ADD   R6 R6 R0
(3015) 1D85  0001110110000101 (  43)                 ADD   R6 R6 R5
(3016) 0450  0000010001010000 (  44)                 BRZ   END
(3017) 5B60  0101101101100000 (  48)                 AND   R5 R5 #0
(3018) 2AF6  0010101011110110 (  49)                 LD    R5 E
(3019) 5DA0  0101110110100000 (  50)                 AND   R6 R6 #0
(301A) 1D80  0001110110000000 (  51)                 ADD   R6 R6 R0
(301B) 1D85  0001110110000101 (  52)                 ADD   R6 R6 R5
(301C) 040B  0000010000001011 (  53)                 BRZ   eFLAG
(301D) 5B60  0101101101100000 (  57)                 AND   R5 R5 #0
(301E) 2AEF  0010101011101111 (  58)                 LD    R5 D
(301F) 5DA0  0101110110100000 (  59)                 AND   R6 R6 #0
(3020) 1D80  0001110110000000 (  60)                 ADD   R6 R6 R0
(3021) 1D85  0001110110000101 (  61)                 ADD   R6 R6 R5
(3022) 0401  0000010000000001 (  62)                 BRZ   dFLAG
(3023) 0FE8  0000111111101000 (  65)                 BRNZP INPUT
(3024) 5260  0101001001100000 (  68) dFLAG           AND   R1 R1 #0
(3025) 1261  0001001001100001 (  69)                 ADD   R1 R1 #1
(3026) 32DF  0011001011011111 (  70)                 ST    R1 TYPE
(3027) 0E04  0000111000000100 (  71)                 BRNZP CIPHER
(3028) 5260  0101001001100000 (  74) eFLAG           AND   R1 R1 #0
(3029) 1260  0001001001100000 (  75)                 ADD   R1 R1 #0
(302A) 32DB  0011001011011011 (  76)                 ST    R1 TYPE
(302B) 0E00  0000111000000000 (  77)                 BRNZP CIPHER
(302C) E08E  1110000010001110 (  80) CIPHER          LEA   R0 CIPHERQ
(302D) F022  1111000000100010 (  81)                 TRAP  x22
(302E) F020  1111000000100000 (  84) cLOOP           TRAP  x20
(302F) F021  1111000000100001 (  85)                 TRAP  x21
(3030) 5DA0  0101110110100000 (  89)                 AND   R6 R6 #0
(3031) 1D80  0001110110000000 (  90)                 ADD   R6 R6 R0
(3032) 1DB6  0001110110110110 (  91)                 ADD   R6 R6 #-10
(3033) 0413  0000010000010011 (  92)                 BRZ   NEXT
(3034) 56E0  0101011011100000 (  95)                 AND   R3 R3 #0
(3035) 26DB  0010011011011011 (  96)                 LD    R3 NUMBERS
(3036) 5DA0  0101110110100000 (  97)                 AND   R6 R6 #0
(3037) 1D80  0001110110000000 (  98)                 ADD   R6 R6 R0
(3038) 1D83  0001110110000011 (  99)                 ADD   R6 R6 R3
(3039) 5920  0101100100100000 ( 103)                 AND   R4 R4 #0
(303A) 1929  0001100100101001 ( 104)                 ADD   R4 R4 #9
(303B) 54A0  0101010010100000 ( 105)                 AND   R2 R2 #0
(303C) 56E0  0101011011100000 ( 106)                 AND   R3 R3 #0
(303D) 5B60  0101101101100000 ( 107)                 AND   R5 R5 #0
(303E) 24C8  0010010011001000 ( 108)                 LD    R2 MOVED
(303F) 16C2  0001011011000010 ( 109)                 ADD   R3 R3 R2
(3040) 1483  0001010010000011 ( 113) mFOR            ADD   R2 R2 R3
(3041) 193F  0001100100111111 ( 114)                 ADD   R4 R4 #-1
(3042) 03FD  0000001111111101 ( 115)                 BRP   mFOR
(3043) 5260  0101001001100000 ( 118)                 AND   R1 R1 #0
(3044) 1486  0001010010000110 ( 119)                 ADD   R2 R2 R6
(3045) 34C1  0011010011000001 ( 120)                 ST    R2 MOVED
(3046) 0FE7  0000111111100111 ( 121)                 BRNZP cLOOP
(3047) E083  1110000010000011 ( 124) NEXT            LEA   R0 INSTRING
(3048) F022  1111000000100010 ( 125)                 TRAP  x22
(3049) 5B60  0101101101100000 ( 128)                 AND   R5 R5 #0
(304A) 2ABD  0010101010111101 ( 129)                 LD    R5 COUNT
(304B) 1B7F  0001101101111111 ( 130)                 ADD   R5 R5 #-1
(304C) 3ABB  0011101010111011 ( 131)                 ST    R5 COUNT
(304D) F020  1111000000100000 ( 134) sLOOP           TRAP  x20
(304E) F021  1111000000100001 ( 135)                 TRAP  x21
(304F) 5B60  0101101101100000 ( 138)                 AND   R5 R5 #0
(3050) 2AB7  0010101010110111 ( 139)                 LD    R5 COUNT
(3051) 1B61  0001101101100001 ( 140)                 ADD   R5 R5 #1
(3052) 3AB5  0011101010110101 ( 141)                 ST    R5 COUNT
(3053) 5DA0  0101110110100000 ( 144)                 AND   R6 R6 #0
(3054) 1D80  0001110110000000 ( 145)                 ADD   R6 R6 R0
(3055) 1DB6  0001110110110110 ( 146)                 ADD   R6 R6 #-10
(3056) 040C  0000010000001100 ( 147)                 BRZ   RESULTS
(3057) 3AB1  0011101010110001 ( 150)                 ST    R5 COL
(3058) 5920  0101100100100000 ( 151)                 AND   R4 R4 #0
(3059) 38B0  0011100010110000 ( 152)                 ST    R4 ROW
(305A) 30B0  0011000010110000 ( 153)                 ST    R0 TEMPCHAR
(305B) 48CD  0100100011001101 ( 154)                 JSR   STORE
(305C) 24A9  0010010010101001 ( 157)                 LD    R2 TYPE
(305D) 0401  0000010000000001 ( 158)                 BRZ   ENCRYPT
(305E) 0202  0000001000000010 ( 159)                 BRP   DECRYPT
(305F) 48E7  0100100011100111 ( 162) ENCRYPT         JSR   ENCRYPTING
(3060) 0FEC  0000111111101100 ( 163)                 BRNZP sLOOP
(3061) 4924  0100100100100100 ( 166) DECRYPT         JSR   DECRYPTING
(3062) 0FEA  0000111111101010 ( 167)                 BRNZP sLOOP
(3063) E075  1110000001110101 ( 170) RESULTS         LEA   R0 ANSWER
(3064) F022  1111000000100010 ( 171)                 TRAP  x22
(3065) 4960  0100100101100000 ( 173)                 JSR   PRINT
(3066) 0FA3  0000111110100011 ( 174)                 BRNZP LOOP
(3067) E094  1110000010010100 ( 177) END             LEA   R0 OVER
(3068) F022  1111000000100010 ( 178)                 TRAP  x22
(3069) F025  1111000000100101 ( 179)                 TRAP  x25
(306A) 0048  0000000001001000 ( 181) GREETING        .FILL x0048
(306B) 0065  0000000001100101 ( 181)                 .FILL x0065
(306C) 006C  0000000001101100 ( 181)                 .FILL x006C
(306D) 006C  0000000001101100 ( 181)                 .FILL x006C
(306E) 006F  0000000001101111 ( 181)                 .FILL x006F
(306F) 002C  0000000000101100 ( 181)                 .FILL x002C
(3070) 0020  0000000000100000 ( 181)                 .FILL x0020
(3071) 0077  0000000001110111 ( 181)                 .FILL x0077
(3072) 0065  0000000001100101 ( 181)                 .FILL x0065
(3073) 006C  0000000001101100 ( 181)                 .FILL x006C
(3074) 0063  0000000001100011 ( 181)                 .FILL x0063
(3075) 006F  0000000001101111 ( 181)                 .FILL x006F
(3076) 006D  0000000001101101 ( 181)                 .FILL x006D
(3077) 0065  0000000001100101 ( 181)                 .FILL x0065
(3078) 0020  0000000000100000 ( 181)                 .FILL x0020
(3079) 0074  0000000001110100 ( 181)                 .FILL x0074
(307A) 006F  0000000001101111 ( 181)                 .FILL x006F
(307B) 0020  0000000000100000 ( 181)                 .FILL x0020
(307C) 006D  0000000001101101 ( 181)                 .FILL x006D
(307D) 0079  0000000001111001 ( 181)                 .FILL x0079
(307E) 0020  0000000000100000 ( 181)                 .FILL x0020
(307F) 0043  0000000001000011 ( 181)                 .FILL x0043
(3080) 0061  0000000001100001 ( 181)                 .FILL x0061
(3081) 0065  0000000001100101 ( 181)                 .FILL x0065
(3082) 0073  0000000001110011 ( 181)                 .FILL x0073
(3083) 0061  0000000001100001 ( 181)                 .FILL x0061
(3084) 0072  0000000001110010 ( 181)                 .FILL x0072
(3085) 0020  0000000000100000 ( 181)                 .FILL x0020
(3086) 0043  0000000001000011 ( 181)                 .FILL x0043
(3087) 0069  0000000001101001 ( 181)                 .FILL x0069
(3088) 0070  0000000001110000 ( 181)                 .FILL x0070
(3089) 0068  0000000001101000 ( 181)                 .FILL x0068
(308A) 0065  0000000001100101 ( 181)                 .FILL x0065
(308B) 0072  0000000001110010 ( 181)                 .FILL x0072
(308C) 0020  0000000000100000 ( 181)                 .FILL x0020
(308D) 0070  0000000001110000 ( 181)                 .FILL x0070
(308E) 0072  0000000001110010 ( 181)                 .FILL x0072
(308F) 006F  0000000001101111 ( 181)                 .FILL x006F
(3090) 0067  0000000001100111 ( 181)                 .FILL x0067
(3091) 0072  0000000001110010 ( 181)                 .FILL x0072
(3092) 0061  0000000001100001 ( 181)                 .FILL x0061
(3093) 006D  0000000001101101 ( 181)                 .FILL x006D
(3094) 0020  0000000000100000 ( 181)                 .FILL x0020
(3095) 000A  0000000000001010 ( 181)                 .FILL x000A
(3096) 0000  0000000000000000 ( 181)                 .FILL x0000
(3097) 0028  0000000000101000 ( 182) QUESTION        .FILL x0028
(3098) 0045  0000000001000101 ( 182)                 .FILL x0045
(3099) 0029  0000000000101001 ( 182)                 .FILL x0029
(309A) 006E  0000000001101110 ( 182)                 .FILL x006E
(309B) 0063  0000000001100011 ( 182)                 .FILL x0063
(309C) 0072  0000000001110010 ( 182)                 .FILL x0072
(309D) 0079  0000000001111001 ( 182)                 .FILL x0079
(309E) 0070  0000000001110000 ( 182)                 .FILL x0070
(309F) 0074  0000000001110100 ( 182)                 .FILL x0074
(30A0) 0020  0000000000100000 ( 182)                 .FILL x0020
(30A1) 006F  0000000001101111 ( 182)                 .FILL x006F
(30A2) 0072  0000000001110010 ( 182)                 .FILL x0072
(30A3) 0020  0000000000100000 ( 182)                 .FILL x0020
(30A4) 0044  0000000001000100 ( 182)                 .FILL x0044
(30A5) 0028  0000000000101000 ( 182)                 .FILL x0028
(30A6) 0065  0000000001100101 ( 182)                 .FILL x0065
(30A7) 0063  0000000001100011 ( 182)                 .FILL x0063
(30A8) 0072  0000000001110010 ( 182)                 .FILL x0072
(30A9) 0079  0000000001111001 ( 182)                 .FILL x0079
(30AA) 0070  0000000001110000 ( 182)                 .FILL x0070
(30AB) 0074  0000000001110100 ( 182)                 .FILL x0074
(30AC) 0029  0000000000101001 ( 182)                 .FILL x0029
(30AD) 0020  0000000000100000 ( 182)                 .FILL x0020
(30AE) 006F  0000000001101111 ( 182)                 .FILL x006F
(30AF) 0072  0000000001110010 ( 182)                 .FILL x0072
(30B0) 0020  0000000000100000 ( 182)                 .FILL x0020
(30B1) 0065  0000000001100101 ( 182)                 .FILL x0065
(30B2) 0028  0000000000101000 ( 182)                 .FILL x0028
(30B3) 0058  0000000001011000 ( 182)                 .FILL x0058
(30B4) 0029  0000000000101001 ( 182)                 .FILL x0029
(30B5) 0069  0000000001101001 ( 182)                 .FILL x0069
(30B6) 0074  0000000001110100 ( 182)                 .FILL x0074
(30B7) 003F  0000000000111111 ( 182)                 .FILL x003F
(30B8) 0020  0000000000100000 ( 182)                 .FILL x0020
(30B9) 000A  0000000000001010 ( 182)                 .FILL x000A
(30BA) 0000  0000000000000000 ( 182)                 .FILL x0000
(30BB) 000A  0000000000001010 ( 183) CIPHERQ         .FILL x000A
(30BC) 0043  0000000001000011 ( 183)                 .FILL x0043
(30BD) 0069  0000000001101001 ( 183)                 .FILL x0069
(30BE) 0070  0000000001110000 ( 183)                 .FILL x0070
(30BF) 0068  0000000001101000 ( 183)                 .FILL x0068
(30C0) 0065  0000000001100101 ( 183)                 .FILL x0065
(30C1) 0072  0000000001110010 ( 183)                 .FILL x0072
(30C2) 0020  0000000000100000 ( 183)                 .FILL x0020
(30C3) 0028  0000000000101000 ( 183)                 .FILL x0028
(30C4) 0031  0000000000110001 ( 183)                 .FILL x0031
(30C5) 002D  0000000000101101 ( 183)                 .FILL x002D
(30C6) 0032  0000000000110010 ( 183)                 .FILL x0032
(30C7) 0035  0000000000110101 ( 183)                 .FILL x0035
(30C8) 0029  0000000000101001 ( 183)                 .FILL x0029
(30C9) 000A  0000000000001010 ( 183)                 .FILL x000A
(30CA) 0000  0000000000000000 ( 183)                 .FILL x0000
(30CB) 0053  0000000001010011 ( 184) INSTRING        .FILL x0053
(30CC) 0074  0000000001110100 ( 184)                 .FILL x0074
(30CD) 0072  0000000001110010 ( 184)                 .FILL x0072
(30CE) 0069  0000000001101001 ( 184)                 .FILL x0069
(30CF) 006E  0000000001101110 ( 184)                 .FILL x006E
(30D0) 0067  0000000001100111 ( 184)                 .FILL x0067
(30D1) 0020  0000000000100000 ( 184)                 .FILL x0020
(30D2) 0028  0000000000101000 ( 184)                 .FILL x0028
(30D3) 0032  0000000000110010 ( 184)                 .FILL x0032
(30D4) 0030  0000000000110000 ( 184)                 .FILL x0030
(30D5) 0030  0000000000110000 ( 184)                 .FILL x0030
(30D6) 0029  0000000000101001 ( 184)                 .FILL x0029
(30D7) 000A  0000000000001010 ( 184)                 .FILL x000A
(30D8) 0000  0000000000000000 ( 184)                 .FILL x0000
(30D9) 0052  0000000001010010 ( 185) ANSWER          .FILL x0052
(30DA) 0065  0000000001100101 ( 185)                 .FILL x0065
(30DB) 0073  0000000001110011 ( 185)                 .FILL x0073
(30DC) 0075  0000000001110101 ( 185)                 .FILL x0075
(30DD) 006C  0000000001101100 ( 185)                 .FILL x006C
(30DE) 0074  0000000001110100 ( 185)                 .FILL x0074
(30DF) 0000  0000000000000000 ( 185)                 .FILL x0000
(30E0) 000A  0000000000001010 ( 186) ENCRYPTED       .FILL x000A
(30E1) 003C  0000000000111100 ( 186)                 .FILL x003C
(30E2) 0045  0000000001000101 ( 186)                 .FILL x0045
(30E3) 006E  0000000001101110 ( 186)                 .FILL x006E
(30E4) 0063  0000000001100011 ( 186)                 .FILL x0063
(30E5) 0072  0000000001110010 ( 186)                 .FILL x0072
(30E6) 0079  0000000001111001 ( 186)                 .FILL x0079
(30E7) 0070  0000000001110000 ( 186)                 .FILL x0070
(30E8) 0074  0000000001110100 ( 186)                 .FILL x0074
(30E9) 0065  0000000001100101 ( 186)                 .FILL x0065
(30EA) 0064  0000000001100100 ( 186)                 .FILL x0064
(30EB) 003E  0000000000111110 ( 186)                 .FILL x003E
(30EC) 0020  0000000000100000 ( 186)                 .FILL x0020
(30ED) 0000  0000000000000000 ( 186)                 .FILL x0000
(30EE) 000A  0000000000001010 ( 187) DECRYPTED       .FILL x000A
(30EF) 003C  0000000000111100 ( 187)                 .FILL x003C
(30F0) 0044  0000000001000100 ( 187)                 .FILL x0044
(30F1) 0065  0000000001100101 ( 187)                 .FILL x0065
(30F2) 0063  0000000001100011 ( 187)                 .FILL x0063
(30F3) 0072  0000000001110010 ( 187)                 .FILL x0072
(30F4) 0079  0000000001111001 ( 187)                 .FILL x0079
(30F5) 0070  0000000001110000 ( 187)                 .FILL x0070
(30F6) 0074  0000000001110100 ( 187)                 .FILL x0074
(30F7) 0065  0000000001100101 ( 187)                 .FILL x0065
(30F8) 0064  0000000001100100 ( 187)                 .FILL x0064
(30F9) 003E  0000000000111110 ( 187)                 .FILL x003E
(30FA) 0020  0000000000100000 ( 187)                 .FILL x0020
(30FB) 0000  0000000000000000 ( 187)                 .FILL x0000
(30FC) 000A  0000000000001010 ( 188) OVER            .FILL x000A
(30FD) 0047  0000000001000111 ( 188)                 .FILL x0047
(30FE) 006F  0000000001101111 ( 188)                 .FILL x006F
(30FF) 006F  0000000001101111 ( 188)                 .FILL x006F
(3100) 0064  0000000001100100 ( 188)                 .FILL x0064
(3101) 0062  0000000001100010 ( 188)                 .FILL x0062
(3102) 0079  0000000001111001 ( 188)                 .FILL x0079
(3103) 0065  0000000001100101 ( 188)                 .FILL x0065
(3104) 0021  0000000000100001 ( 188)                 .FILL x0021
(3105) 0000  0000000000000000 ( 188)                 .FILL x0000
(3106) 0000  0000000000000000 ( 191) TYPE            .FILL x0000
(3107) 0000  0000000000000000 ( 192) MOVED           .FILL x0000
(3108) 0000  0000000000000000 ( 193) COUNT           .FILL x0000
(3109) 0000  0000000000000000 ( 194) COL             .FILL x0000
(310A) 0000  0000000000000000 ( 195) ROW             .FILL x0000
(310B) 0000  0000000000000000 ( 196) TEMPCHAR        .FILL x0000
(310C) 0000  0000000000000000 ( 199) SAVE            .FILL x0000
(310D) 00C7  0000000011000111 ( 199) AVALUE          .FILL x00C7
(310E) FFBC  1111111110111100 ( 200) D               .FILL xFFBC
(310F) FFBB  1111111110111011 ( 201) E               .FILL xFFBB
(3110) FFA8  1111111110101000 ( 202) X               .FILL xFFA8
(3111) FFD0  1111111111010000 ( 203) NUMBERS         .FILL xFFD0
(3112) 0041  0000000001000001 ( 204) CAPSTART        .FILL x0041
(3113) FFBF  1111111110111111 ( 205) upSTART         .FILL xFFBF
(3114) FFA6  1111111110100110 ( 206) upEND           .FILL xFFA6
(3115) 0061  0000000001100001 ( 207) UNDSTART        .FILL x0061
(3116) FF9F  1111111110011111 ( 208) lowSTART        .FILL xFF9F
(3117) FF86  1111111110000110 ( 209) lowEND          .FILL xFF86
(3118) 001A  0000000000011010 ( 210) ALPHABET        .FILL x001A
(3119) 5260  0101001001100000 ( 216) rARRAY          AND   R1 R1 #0
(311A) 54A0  0101010010100000 ( 217)                 AND   R2 R2 #0
(311B) 56E0  0101011011100000 ( 218)                 AND   R3 R3 #0
(311C) 5920  0101100100100000 ( 219)                 AND   R4 R4 #0
(311D) 5B60  0101101101100000 ( 220)                 AND   R5 R5 #0
(311E) 27EE  0010011111101110 ( 221)                 LD    R3 AVALUE
(311F) 16C3  0001011011000011 ( 222)                 ADD   R3 R3 R3
(3120) 96FF  1001011011111111 ( 223)                 NOT   R3 R3
(3121) 16E1  0001011011100001 ( 224)                 ADD   R3 R3 #1
(3122) E4D1  1110010011010001 ( 227) rLOOP           LEA   R2 ARRAY
(3123) 1481  0001010010000001 ( 228)                 ADD   R2 R2 R1
(3124) 7880  0111100010000000 ( 229)                 STR   R4 R2 #0
(3125) 1261  0001001001100001 ( 230)                 ADD   R1 R1 #1
(3126) 1A43  0001101001000011 ( 231)                 ADD   R5 R1 R3
(3127) 09FA  0000100111111010 ( 232)                 BRN   rLOOP
(3128) C1C0  1100000111000000 ( 233)                 RET   
(3129) 56E0  0101011011100000 ( 240) STORE           AND   R3 R3 #0
(312A) 5920  0101100100100000 ( 241)                 AND   R4 R4 #0
(312B) 5B60  0101101101100000 ( 242)                 AND   R5 R5 #0
(312C) 29DC  0010100111011100 ( 243)                 LD    R4 COL
(312D) 2BDC  0010101111011100 ( 244)                 LD    R5 ROW
(312E) 0201  0000001000000001 ( 245)                 BRP   MOVES
(312F) 0C03  0000110000000011 ( 246)                 BRNZ  CONTS
(3130) 56E0  0101011011100000 ( 249) MOVES           AND   R3 R3 #0
(3131) 27DB  0010011111011011 ( 250)                 LD    R3 AVALUE
(3132) 1903  0001100100000011 ( 251)                 ADD   R4 R4 R3
(3133) 56E0  0101011011100000 ( 254) CONTS           AND   R3 R3 #0
(3134) E6BF  1110011010111111 ( 255)                 LEA   R3 ARRAY
(3135) 16C4  0001011011000100 ( 256)                 ADD   R3 R3 R4
(3136) 2BD4  0010101111010100 ( 257)                 LD    R5 TEMPCHAR
(3137) 7AC0  0111101011000000 ( 258)                 STR   R5 R3 #0
(3138) C1C0  1100000111000000 ( 259)                 RET   
(3139) 56E0  0101011011100000 ( 267) LOAD            AND   R3 R3 #0
(313A) 54A0  0101010010100000 ( 268)                 AND   R2 R2 #0
(313B) 5B60  0101101101100000 ( 269)                 AND   R5 R5 #0
(313C) 2BCC  0010101111001100 ( 270)                 LD    R5 COL
(313D) 21CC  0010000111001100 ( 271)                 LD    R0 ROW
(313E) 0201  0000001000000001 ( 272)                 BRP   MOVEL
(313F) 0C02  0000110000000010 ( 273)                 BRNZ  CONTL
(3140) 25CC  0010010111001100 ( 276) MOVEL           LD    R2 AVALUE
(3141) 1B42  0001101101000010 ( 277)                 ADD   R5 R5 R2
(3142) E6B1  1110011010110001 ( 280) CONTL           LEA   R3 ARRAY
(3143) 16C5  0001011011000101 ( 281)                 ADD   R3 R3 R5
(3144) 66C0  0110011011000000 ( 282)                 LDR   R3 R3 #0
(3145) 37C5  0011011111000101 ( 283)                 ST    R3 TEMPCHAR
(3146) C1C0  1100000111000000 ( 284)                 RET   
(3147) 3FC4  0011111111000100 ( 292) ENCRYPTING      ST    R7 SAVE
(3148) 5920  0101100100100000 ( 293)                 AND   R4 R4 #0
(3149) 1921  0001100100100001 ( 294)                 ADD   R4 R4 #1
(314A) 39BF  0011100110111111 ( 295)                 ST    R4 ROW
(314B) 5260  0101001001100000 ( 297)                 AND   R1 R1 #0
(314C) 54A0  0101010010100000 ( 298)                 AND   R2 R2 #0
(314D) 56E0  0101011011100000 ( 299)                 AND   R3 R3 #0
(314E) 5920  0101100100100000 ( 300)                 AND   R4 R4 #0
(314F) 5B60  0101101101100000 ( 301)                 AND   R5 R5 #0
(3150) 5DA0  0101110110100000 ( 302)                 AND   R6 R6 #0
(3151) 5FE0  0101111111100000 ( 303)                 AND   R7 R7 #0
(3152) 25C0  0010010111000000 ( 306)                 LD    R2 upSTART
(3153) 27C0  0010011111000000 ( 307)                 LD    R3 upEND
(3154) 2DC1  0010110111000001 ( 310)                 LD    R6 lowSTART
(3155) 2FC1  0010111111000001 ( 311)                 LD    R7 lowEND
(3156) 23B4  0010001110110100 ( 314)                 LD    R1 TEMPCHAR
(3157) 1A42  0001101001000010 ( 315)                 ADD   R5 R1 R2
(3158) 0601  0000011000000001 ( 316)                 BRZP  UPPERCONTE
(3159) 0807  0000100000000111 ( 317)                 BRN   CONTCHECKE
(315A) 5B60  0101101101100000 ( 320) UPPERCONTE      AND   R5 R5 #0
(315B) 1A43  0001101001000011 ( 321)                 ADD   R5 R1 R3
(315C) 0C01  0000110000000001 ( 322)                 BRNZ  INUPE
(315D) 0203  0000001000000011 ( 323)                 BRP   CONTCHECKE
(315E) 25B3  0010010110110011 ( 326) INUPE           LD    R2 CAPSTART
(315F) 1902  0001100100000010 ( 327)                 ADD   R4 R4 R2
(3160) 0E0C  0000111000001100 ( 328)                 BRNZP SHIFTE
(3161) 5B60  0101101101100000 ( 331) CONTCHECKE      AND   R5 R5 #0
(3162) 1A46  0001101001000110 ( 332)                 ADD   R5 R1 R6
(3163) 0601  0000011000000001 ( 333)                 BRZP  LOWERCONTE
(3164) 081E  0000100000011110 ( 334)                 BRN   NOTCHARE
(3165) 5B60  0101101101100000 ( 337) LOWERCONTE      AND   R5 R5 #0
(3166) 1A47  0001101001000111 ( 338)                 ADD   R5 R1 R7
(3167) 0C01  0000110000000001 ( 339)                 BRNZ  INLOWE
(3168) 021A  0000001000011010 ( 340)                 BRP   NOTCHARE
(3169) 25AB  0010010110101011 ( 343) INLOWE          LD    R2 UNDSTART
(316A) 5920  0101100100100000 ( 344)                 AND   R4 R4 #0
(316B) 1902  0001100100000010 ( 345)                 ADD   R4 R4 R2
(316C) 0E00  0000111000000000 ( 346)                 BRNZP SHIFTE
(316D) 54A0  0101010010100000 ( 349) SHIFTE          AND   R2 R2 #0
(316E) 56E0  0101011011100000 ( 350)                 AND   R3 R3 #0
(316F) 5B60  0101101101100000 ( 351)                 AND   R5 R5 #0
(3170) 5DA0  0101110110100000 ( 352)                 AND   R6 R6 #0
(3171) 5FE0  0101111111100000 ( 353)                 AND   R7 R7 #0
(3172) 2F94  0010111110010100 ( 355)                 LD    R7 MOVED
(3173) 25A4  0010010110100100 ( 356)                 LD    R2 ALPHABET
(3174) 94BF  1001010010111111 ( 357)                 NOT   R2 R2
(3175) 14A1  0001010010100001 ( 358)                 ADD   R2 R2 #1
(3176) 1B44  0001101101000100 ( 361)                 ADD   R5 R5 R4
(3177) 9B7F  1001101101111111 ( 362)                 NOT   R5 R5
(3178) 1B61  0001101101100001 ( 363)                 ADD   R5 R5 #1
(3179) 1645  0001011001000101 ( 365)                 ADD   R3 R1 R5
(317A) 1CC7  0001110011000111 ( 366)                 ADD   R6 R3 R7
(317B) 1B82  0001101110000010 ( 367)                 ADD   R5 R6 R2
(317C) 0601  0000011000000001 ( 368)                 BRZP  OVERE
(317D) 0802  0000100000000010 ( 369)                 BRN   GOODE
(317E) 5DA0  0101110110100000 ( 372) OVERE           AND   R6 R6 #0
(317F) 1D60  0001110101100000 ( 373)                 ADD   R6 R5 #0
(3180) 5020  0101000000100000 ( 376) GOODE           AND   R0 R0 #0
(3181) 1106  0001000100000110 ( 377)                 ADD   R0 R4 R6
(3182) 3188  0011000110001000 ( 378)                 ST    R0 TEMPCHAR
(3183) 4FA5  0100111110100101 ( 381) NOTCHARE        JSR   STORE
(3184) 2F87  0010111110000111 ( 382)                 LD    R7 SAVE
(3185) C1C0  1100000111000000 ( 383)                 RET   
(3186) 3F85  0011111110000101 ( 391) DECRYPTING      ST    R7 SAVE
(3187) 5920  0101100100100000 ( 392)                 AND   R4 R4 #0
(3188) 1921  0001100100100001 ( 393)                 ADD   R4 R4 #1
(3189) 3980  0011100110000000 ( 394)                 ST    R4 ROW
(318A) 5260  0101001001100000 ( 396)                 AND   R1 R1 #0
(318B) 54A0  0101010010100000 ( 397)                 AND   R2 R2 #0
(318C) 56E0  0101011011100000 ( 398)                 AND   R3 R3 #0
(318D) 5920  0101100100100000 ( 399)                 AND   R4 R4 #0
(318E) 5B60  0101101101100000 ( 400)                 AND   R5 R5 #0
(318F) 5DA0  0101110110100000 ( 401)                 AND   R6 R6 #0
(3190) 5FE0  0101111111100000 ( 402)                 AND   R7 R7 #0
(3191) 2581  0010010110000001 ( 405)                 LD    R2 upSTART
(3192) 2781  0010011110000001 ( 406)                 LD    R3 upEND
(3193) 2D82  0010110110000010 ( 409)                 LD    R6 lowSTART
(3194) 2F82  0010111110000010 ( 410)                 LD    R7 lowEND
(3195) 2375  0010001101110101 ( 413)                 LD    R1 TEMPCHAR
(3196) 1A42  0001101001000010 ( 414)                 ADD   R5 R1 R2
(3197) 0601  0000011000000001 ( 415)                 BRZP  UPPERCONTD
(3198) 082A  0000100000101010 ( 416)                 BRN   NOTCHARD
(3199) 5B60  0101101101100000 ( 419) UPPERCONTD      AND   R5 R5 #0
(319A) 1A43  0001101001000011 ( 420)                 ADD   R5 R1 R3
(319B) 0C01  0000110000000001 ( 421)                 BRNZ  INUPD
(319C) 0203  0000001000000011 ( 422)                 BRP   CONTCHECKD
(319D) 2574  0010010101110100 ( 425) INUPD           LD    R2 CAPSTART
(319E) 1902  0001100100000010 ( 426)                 ADD   R4 R4 R2
(319F) 0E0C  0000111000001100 ( 427)                 BRNZP SHIFTD
(31A0) 5B60  0101101101100000 ( 430) CONTCHECKD      AND   R5 R5 #0
(31A1) 1A46  0001101001000110 ( 431)                 ADD   R5 R1 R6
(31A2) 0601  0000011000000001 ( 432)                 BRZP  LOWERCONTD
(31A3) 081F  0000100000011111 ( 433)                 BRN   NOTCHARD
(31A4) 5B60  0101101101100000 ( 436) LOWERCONTD      AND   R5 R5 #0
(31A5) 1A47  0001101001000111 ( 437)                 ADD   R5 R1 R7
(31A6) 0C01  0000110000000001 ( 438)                 BRNZ  INLOWD
(31A7) 021B  0000001000011011 ( 439)                 BRP   NOTCHARD
(31A8) 256C  0010010101101100 ( 442) INLOWD          LD    R2 UNDSTART
(31A9) 5920  0101100100100000 ( 443)                 AND   R4 R4 #0
(31AA) 1902  0001100100000010 ( 444)                 ADD   R4 R4 R2
(31AB) 0E00  0000111000000000 ( 445)                 BRNZP SHIFTD
(31AC) 54A0  0101010010100000 ( 448) SHIFTD          AND   R2 R2 #0
(31AD) 56E0  0101011011100000 ( 449)                 AND   R3 R3 #0
(31AE) 5B60  0101101101100000 ( 450)                 AND   R5 R5 #0
(31AF) 5DA0  0101110110100000 ( 451)                 AND   R6 R6 #0
(31B0) 5FE0  0101111111100000 ( 452)                 AND   R7 R7 #0
(31B1) 2F55  0010111101010101 ( 454)                 LD    R7 MOVED
(31B2) 9FFF  1001111111111111 ( 455)                 NOT   R7 R7
(31B3) 1FE1  0001111111100001 ( 456)                 ADD   R7 R7 #1
(31B4) 2563  0010010101100011 ( 458)                 LD    R2 ALPHABET
(31B5) 94BF  1001010010111111 ( 459)                 NOT   R2 R2
(31B6) 14A1  0001010010100001 ( 460)                 ADD   R2 R2 #1
(31B7) 1B44  0001101101000100 ( 462)                 ADD   R5 R5 R4
(31B8) 9B7F  1001101101111111 ( 463)                 NOT   R5 R5
(31B9) 1B61  0001101101100001 ( 464)                 ADD   R5 R5 #1
(31BA) 1645  0001011001000101 ( 467)                 ADD   R3 R1 R5
(31BB) 1CC7  0001110011000111 ( 468)                 ADD   R6 R3 R7
(31BC) 0801  0000100000000001 ( 469)                 BRN   OVERD
(31BD) 0602  0000011000000010 ( 470)                 BRZP  GOODD
(31BE) 2559  0010010101011001 ( 473) OVERD           LD    R2 ALPHABET
(31BF) 1D82  0001110110000010 ( 474)                 ADD   R6 R6 R2
(31C0) 5020  0101000000100000 ( 477) GOODD           AND   R0 R0 #0
(31C1) 1106  0001000100000110 ( 478)                 ADD   R0 R4 R6
(31C2) 3148  0011000101001000 ( 479)                 ST    R0 TEMPCHAR
(31C3) 4F65  0100111101100101 ( 482) NOTCHARD        JSR   STORE
(31C4) 2F47  0010111101000111 ( 483)                 LD    R7 SAVE
(31C5) C1C0  1100000111000000 ( 484)                 RET   
(31C6) 3F45  0011111101000101 ( 492) PRINT           ST    R7 SAVE
(31C7) 5260  0101001001100000 ( 493)                 AND   R1 R1 #0
(31C8) 54A0  0101010010100000 ( 494)                 AND   R2 R2 #0
(31C9) 56E0  0101011011100000 ( 495)                 AND   R3 R3 #0
(31CA) 5920  0101100100100000 ( 496)                 AND   R4 R4 #0
(31CB) 5B60  0101101101100000 ( 497)                 AND   R5 R5 #0
(31CC) 5DA0  0101110110100000 ( 498)                 AND   R6 R6 #0
(31CD) 1921  0001100100100001 ( 499)                 ADD   R4 R4 #1
(31CE) 2B37  0010101100110111 ( 500)                 LD    R5 TYPE
(31CF) 0209  0000001000001001 ( 501)                 BRP   PRINTE
(31D0) 040B  0000010000001011 ( 502)                 BRZ   PRINTD
(31D1) 5DA0  0101110110100000 ( 505) nROUND          AND   R6 R6 #0
(31D2) 56E0  0101011011100000 ( 506)                 AND   R3 R3 #0
(31D3) 5260  0101001001100000 ( 507)                 AND   R1 R1 #0
(31D4) 2D35  0010110100110101 ( 508)                 LD    R6 ROW
(31D5) 1261  0001001001100001 ( 509)                 ADD   R1 R1 #1
(31D6) 2F2F  0010111100101111 ( 510)                 LD    R7 TYPE
(31D7) 0204  0000001000000100 ( 511)                 BRP   PRINTD
(31D8) 0400  0000010000000000 ( 512)                 BRZ   PRINTE
(31D9) E106  1110000100000110 ( 515) PRINTE          LEA   R0 ENCRYPTED
(31DA) F022  1111000000100010 ( 516)                 TRAP  x22
(31DB) 0E03  0000111000000011 ( 517)                 BRNZP PRINTCHARS
(31DC) E111  1110000100010001 ( 520) PRINTD          LEA   R0 DECRYPTED
(31DD) F022  1111000000100010 ( 521)                 TRAP  x22
(31DE) 0E00  0000111000000000 ( 522)                 BRNZP PRINTCHARS
(31DF) 332A  0011001100101010 ( 525) PRINTCHARS      ST    R1 ROW
(31E0) 3728  0011011100101000 ( 526)                 ST    R3 COL
(31E1) 4F57  0100111101010111 ( 527)                 JSR   LOAD
(31E2) 2128  0010000100101000 ( 528)                 LD    R0 TEMPCHAR
(31E3) F021  1111000000100001 ( 529)                 TRAP  x21
(31E4) 2528  0010010100101000 ( 531)                 LD    R2 AVALUE
(31E5) 94BF  1001010010111111 ( 532)                 NOT   R2 R2
(31E6) 14A1  0001010010100001 ( 533)                 ADD   R2 R2 #1
(31E7) 2721  0010011100100001 ( 534)                 LD    R3 COL
(31E8) 16E1  0001011011100001 ( 535)                 ADD   R3 R3 #1
(31E9) 371F  0011011100011111 ( 536)                 ST    R3 COL
(31EA) 5DA0  0101110110100000 ( 537)                 AND   R6 R6 #0
(31EB) 1CC2  0001110011000010 ( 538)                 ADD   R6 R3 R2
(31EC) 09F2  0000100111110010 ( 539)                 BRN   PRINTCHARS
(31ED) 193F  0001100100111111 ( 541)                 ADD   R4 R4 #-1
(31EE) 05E2  0000010111100010 ( 542)                 BRZ   nROUND
(31EF) 5020  0101000000100000 ( 544)                 AND   R0 R0 #0
(31F0) 102A  0001000000101010 ( 545)                 ADD   R0 R0 #10
(31F1) F021  1111000000100001 ( 546)                 TRAP  x21
(31F2) 2F19  0010111100011001 ( 547)                 LD    R7 SAVE
(31F3) C1C0  1100000111000000 ( 548)                 RET   
(31F4) 0000  0000000000000000 ( 554) ARRAY           .FILL x0000
(31F5) 0000  0000000000000000 ( 554)                 .FILL x0000
(31F6) 0000  0000000000000000 ( 554)                 .FILL x0000
(31F7) 0000  0000000000000000 ( 554)                 .FILL x0000
(31F8) 0000  0000000000000000 ( 554)                 .FILL x0000
(31F9) 0000  0000000000000000 ( 554)                 .FILL x0000
(31FA) 0000  0000000000000000 ( 554)                 .FILL x0000
(31FB) 0000  0000000000000000 ( 554)                 .FILL x0000
(31FC) 0000  0000000000000000 ( 554)                 .FILL x0000
(31FD) 0000  0000000000000000 ( 554)                 .FILL x0000
(31FE) 0000  0000000000000000 ( 554)                 .FILL x0000
(31FF) 0000  0000000000000000 ( 554)                 .FILL x0000
(3200) 0000  0000000000000000 ( 554)                 .FILL x0000
(3201) 0000  0000000000000000 ( 554)                 .FILL x0000
(3202) 0000  0000000000000000 ( 554)                 .FILL x0000
(3203) 0000  0000000000000000 ( 554)                 .FILL x0000
(3204) 0000  0000000000000000 ( 554)                 .FILL x0000
(3205) 0000  0000000000000000 ( 554)                 .FILL x0000
(3206) 0000  0000000000000000 ( 554)                 .FILL x0000
(3207) 0000  0000000000000000 ( 554)                 .FILL x0000
(3208) 0000  0000000000000000 ( 554)                 .FILL x0000
(3209) 0000  0000000000000000 ( 554)                 .FILL x0000
(320A) 0000  0000000000000000 ( 554)                 .FILL x0000
(320B) 0000  0000000000000000 ( 554)                 .FILL x0000
(320C) 0000  0000000000000000 ( 554)                 .FILL x0000
(320D) 0000  0000000000000000 ( 554)                 .FILL x0000
(320E) 0000  0000000000000000 ( 554)                 .FILL x0000
(320F) 0000  0000000000000000 ( 554)                 .FILL x0000
(3210) 0000  0000000000000000 ( 554)                 .FILL x0000
(3211) 0000  0000000000000000 ( 554)                 .FILL x0000
(3212) 0000  0000000000000000 ( 554)                 .FILL x0000
(3213) 0000  0000000000000000 ( 554)                 .FILL x0000
(3214) 0000  0000000000000000 ( 554)                 .FILL x0000
(3215) 0000  0000000000000000 ( 554)                 .FILL x0000
(3216) 0000  0000000000000000 ( 554)                 .FILL x0000
(3217) 0000  0000000000000000 ( 554)                 .FILL x0000
(3218) 0000  0000000000000000 ( 554)                 .FILL x0000
(3219) 0000  0000000000000000 ( 554)                 .FILL x0000
(321A) 0000  0000000000000000 ( 554)                 .FILL x0000
(321B) 0000  0000000000000000 ( 554)                 .FILL x0000
(321C) 0000  0000000000000000 ( 554)                 .FILL x0000
(321D) 0000  0000000000000000 ( 554)                 .FILL x0000
(321E) 0000  0000000000000000 ( 554)                 .FILL x0000
(321F) 0000  0000000000000000 ( 554)                 .FILL x0000
(3220) 0000  0000000000000000 ( 554)                 .FILL x0000
(3221) 0000  0000000000000000 ( 554)                 .FILL x0000
(3222) 0000  0000000000000000 ( 554)                 .FILL x0000
(3223) 0000  0000000000000000 ( 554)                 .FILL x0000
(3224) 0000  0000000000000000 ( 554)                 .FILL x0000
(3225) 0000  0000000000000000 ( 554)                 .FILL x0000
(3226) 0000  0000000000000000 ( 554)                 .FILL x0000
(3227) 0000  0000000000000000 ( 554)                 .FILL x0000
(3228) 0000  0000000000000000 ( 554)                 .FILL x0000
(3229) 0000  0000000000000000 ( 554)                 .FILL x0000
(322A) 0000  0000000000000000 ( 554)                 .FILL x0000
(322B) 0000  0000000000000000 ( 554)                 .FILL x0000
(322C) 0000  0000000000000000 ( 554)                 .FILL x0000
(322D) 0000  0000000000000000 ( 554)                 .FILL x0000
(322E) 0000  0000000000000000 ( 554)                 .FILL x0000
(322F) 0000  0000000000000000 ( 554)                 .FILL x0000
(3230) 0000  0000000000000000 ( 554)                 .FILL x0000
(3231) 0000  0000000000000000 ( 554)                 .FILL x0000
(3232) 0000  0000000000000000 ( 554)                 .FILL x0000
(3233) 0000  0000000000000000 ( 554)                 .FILL x0000
(3234) 0000  0000000000000000 ( 554)                 .FILL x0000
(3235) 0000  0000000000000000 ( 554)                 .FILL x0000
(3236) 0000  0000000000000000 ( 554)                 .FILL x0000
(3237) 0000  0000000000000000 ( 554)                 .FILL x0000
(3238) 0000  0000000000000000 ( 554)                 .FILL x0000
(3239) 0000  0000000000000000 ( 554)                 .FILL x0000
(323A) 0000  0000000000000000 ( 554)                 .FILL x0000
(323B) 0000  0000000000000000 ( 554)                 .FILL x0000
(323C) 0000  0000000000000000 ( 554)                 .FILL x0000
(323D) 0000  0000000000000000 ( 554)                 .FILL x0000
(323E) 0000  0000000000000000 ( 554)                 .FILL x0000
(323F) 0000  0000000000000000 ( 554)                 .FILL x0000
(3240) 0000  0000000000000000 ( 554)                 .FILL x0000
(3241) 0000  0000000000000000 ( 554)                 .FILL x0000
(3242) 0000  0000000000000000 ( 554)                 .FILL x0000
(3243) 0000  0000000000000000 ( 554)                 .FILL x0000
(3244) 0000  0000000000000000 ( 554)                 .FILL x0000
(3245) 0000  0000000000000000 ( 554)                 .FILL x0000
(3246) 0000  0000000000000000 ( 554)                 .FILL x0000
(3247) 0000  0000000000000000 ( 554)                 .FILL x0000
(3248) 0000  0000000000000000 ( 554)                 .FILL x0000
(3249) 0000  0000000000000000 ( 554)                 .FILL x0000
(324A) 0000  0000000000000000 ( 554)                 .FILL x0000
(324B) 0000  0000000000000000 ( 554)                 .FILL x0000
(324C) 0000  0000000000000000 ( 554)                 .FILL x0000
(324D) 0000  0000000000000000 ( 554)                 .FILL x0000
(324E) 0000  0000000000000000 ( 554)                 .FILL x0000
(324F) 0000  0000000000000000 ( 554)                 .FILL x0000
(3250) 0000  0000000000000000 ( 554)                 .FILL x0000
(3251) 0000  0000000000000000 ( 554)                 .FILL x0000
(3252) 0000  0000000000000000 ( 554)                 .FILL x0000
(3253) 0000  0000000000000000 ( 554)                 .FILL x0000
(3254) 0000  0000000000000000 ( 554)                 .FILL x0000
(3255) 0000  0000000000000000 ( 554)                 .FILL x0000
(3256) 0000  0000000000000000 ( 554)                 .FILL x0000
(3257) 0000  0000000000000000 ( 554)                 .FILL x0000
(3258) 0000  0000000000000000 ( 554)                 .FILL x0000
(3259) 0000  0000000000000000 ( 554)                 .FILL x0000
(325A) 0000  0000000000000000 ( 554)                 .FILL x0000
(325B) 0000  0000000000000000 ( 554)                 .FILL x0000
(325C) 0000  0000000000000000 ( 554)                 .FILL x0000
(325D) 0000  0000000000000000 ( 554)                 .FILL x0000
(325E) 0000  0000000000000000 ( 554)                 .FILL x0000
(325F) 0000  0000000000000000 ( 554)                 .FILL x0000
(3260) 0000  0000000000000000 ( 554)                 .FILL x0000
(3261) 0000  0000000000000000 ( 554)                 .FILL x0000
(3262) 0000  0000000000000000 ( 554)                 .FILL x0000
(3263) 0000  0000000000000000 ( 554)                 .FILL x0000
(3264) 0000  0000000000000000 ( 554)                 .FILL x0000
(3265) 0000  0000000000000000 ( 554)                 .FILL x0000
(3266) 0000  0000000000000000 ( 554)                 .FILL x0000
(3267) 0000  0000000000000000 ( 554)                 .FILL x0000
(3268) 0000  0000000000000000 ( 554)                 .FILL x0000
(3269) 0000  0000000000000000 ( 554)                 .FILL x0000
(326A) 0000  0000000000000000 ( 554)                 .FILL x0000
(326B) 0000  0000000000000000 ( 554)                 .FILL x0000
(326C) 0000  0000000000000000 ( 554)                 .FILL x0000
(326D) 0000  0000000000000000 ( 554)                 .FILL x0000
(326E) 0000  0000000000000000 ( 554)                 .FILL x0000
(326F) 0000  0000000000000000 ( 554)                 .FILL x0000
(3270) 0000  0000000000000000 ( 554)                 .FILL x0000
(3271) 0000  0000000000000000 ( 554)                 .FILL x0000
(3272) 0000  0000000000000000 ( 554)                 .FILL x0000
(3273) 0000  0000000000000000 ( 554)                 .FILL x0000
(3274) 0000  0000000000000000 ( 554)                 .FILL x0000
(3275) 0000  0000000000000000 ( 554)                 .FILL x0000
(3276) 0000  0000000000000000 ( 554)                 .FILL x0000
(3277) 0000  0000000000000000 ( 554)                 .FILL x0000
(3278) 0000  0000000000000000 ( 554)                 .FILL x0000
(3279) 0000  0000000000000000 ( 554)                 .FILL x0000
(327A) 0000  0000000000000000 ( 554)                 .FILL x0000
(327B) 0000  0000000000000000 ( 554)                 .FILL x0000
(327C) 0000  0000000000000000 ( 554)                 .FILL x0000
(327D) 0000  0000000000000000 ( 554)                 .FILL x0000
(327E) 0000  0000000000000000 ( 554)                 .FILL x0000
(327F) 0000  0000000000000000 ( 554)                 .FILL x0000
(3280) 0000  0000000000000000 ( 554)                 .FILL x0000
(3281) 0000  0000000000000000 ( 554)                 .FILL x0000
(3282) 0000  0000000000000000 ( 554)                 .FILL x0000
(3283) 0000  0000000000000000 ( 554)                 .FILL x0000
(3284) 0000  0000000000000000 ( 554)                 .FILL x0000
(3285) 0000  0000000000000000 ( 554)                 .FILL x0000
(3286) 0000  0000000000000000 ( 554)                 .FILL x0000
(3287) 0000  0000000000000000 ( 554)                 .FILL x0000
(3288) 0000  0000000000000000 ( 554)                 .FILL x0000
(3289) 0000  0000000000000000 ( 554)                 .FILL x0000
(328A) 0000  0000000000000000 ( 554)                 .FILL x0000
(328B) 0000  0000000000000000 ( 554)                 .FILL x0000
(328C) 0000  0000000000000000 ( 554)                 .FILL x0000
(328D) 0000  0000000000000000 ( 554)                 .FILL x0000
(328E) 0000  0000000000000000 ( 554)                 .FILL x0000
(328F) 0000  0000000000000000 ( 554)                 .FILL x0000
(3290) 0000  0000000000000000 ( 554)                 .FILL x0000
(3291) 0000  0000000000000000 ( 554)                 .FILL x0000
(3292) 0000  0000000000000000 ( 554)                 .FILL x0000
(3293) 0000  0000000000000000 ( 554)                 .FILL x0000
(3294) 0000  0000000000000000 ( 554)                 .FILL x0000
(3295) 0000  0000000000000000 ( 554)                 .FILL x0000
(3296) 0000  0000000000000000 ( 554)                 .FILL x0000
(3297) 0000  0000000000000000 ( 554)                 .FILL x0000
(3298) 0000  0000000000000000 ( 554)                 .FILL x0000
(3299) 0000  0000000000000000 ( 554)                 .FILL x0000
(329A) 0000  0000000000000000 ( 554)                 .FILL x0000
(329B) 0000  0000000000000000 ( 554)                 .FILL x0000
(329C) 0000  0000000000000000 ( 554)                 .FILL x0000
(329D) 0000  0000000000000000 ( 554)                 .FILL x0000
(329E) 0000  0000000000000000 ( 554)                 .FILL x0000
(329F) 0000  0000000000000000 ( 554)                 .FILL x0000
(32A0) 0000  0000000000000000 ( 554)                 .FILL x0000
(32A1) 0000  0000000000000000 ( 554)                 .FILL x0000
(32A2) 0000  0000000000000000 ( 554)                 .FILL x0000
(32A3) 0000  0000000000000000 ( 554)                 .FILL x0000
(32A4) 0000  0000000000000000 ( 554)                 .FILL x0000
(32A5) 0000  0000000000000000 ( 554)                 .FILL x0000
(32A6) 0000  0000000000000000 ( 554)                 .FILL x0000
(32A7) 0000  0000000000000000 ( 554)                 .FILL x0000
(32A8) 0000  0000000000000000 ( 554)                 .FILL x0000
(32A9) 0000  0000000000000000 ( 554)                 .FILL x0000
(32AA) 0000  0000000000000000 ( 554)                 .FILL x0000
(32AB) 0000  0000000000000000 ( 554)                 .FILL x0000
(32AC) 0000  0000000000000000 ( 554)                 .FILL x0000
(32AD) 0000  0000000000000000 ( 554)                 .FILL x0000
(32AE) 0000  0000000000000000 ( 554)                 .FILL x0000
(32AF) 0000  0000000000000000 ( 554)                 .FILL x0000
(32B0) 0000  0000000000000000 ( 554)                 .FILL x0000
(32B1) 0000  0000000000000000 ( 554)                 .FILL x0000
(32B2) 0000  0000000000000000 ( 554)                 .FILL x0000
(32B3) 0000  0000000000000000 ( 554)                 .FILL x0000
(32B4) 0000  0000000000000000 ( 554)                 .FILL x0000
(32B5) 0000  0000000000000000 ( 554)                 .FILL x0000
(32B6) 0000  0000000000000000 ( 554)                 .FILL x0000
(32B7) 0000  0000000000000000 ( 554)                 .FILL x0000
(32B8) 0000  0000000000000000 ( 554)                 .FILL x0000
(32B9) 0000  0000000000000000 ( 554)                 .FILL x0000
(32BA) 0000  0000000000000000 ( 554)                 .FILL x0000
(32BB) 0000  0000000000000000 ( 554)                 .FILL x0000
(32BC) 0000  0000000000000000 ( 554)                 .FILL x0000
(32BD) 0000  0000000000000000 ( 554)                 .FILL x0000
(32BE) 0000  0000000000000000 ( 554)                 .FILL x0000
(32BF) 0000  0000000000000000 ( 554)                 .FILL x0000
(32C0) 0000  0000000000000000 ( 554)                 .FILL x0000
(32C1) 0000  0000000000000000 ( 554)                 .FILL x0000
(32C2) 0000  0000000000000000 ( 554)                 .FILL x0000
(32C3) 0000  0000000000000000 ( 554)                 .FILL x0000
(32C4) 0000  0000000000000000 ( 554)                 .FILL x0000
(32C5) 0000  0000000000000000 ( 554)                 .FILL x0000
(32C6) 0000  0000000000000000 ( 554)                 .FILL x0000
(32C7) 0000  0000000000000000 ( 554)                 .FILL x0000
(32C8) 0000  0000000000000000 ( 554)                 .FILL x0000
(32C9) 0000  0000000000000000 ( 554)                 .FILL x0000
(32CA) 0000  0000000000000000 ( 554)                 .FILL x0000
(32CB) 0000  0000000000000000 ( 554)                 .FILL x0000
(32CC) 0000  0000000000000000 ( 554)                 .FILL x0000
(32CD) 0000  0000000000000000 ( 554)                 .FILL x0000
(32CE) 0000  0000000000000000 ( 554)                 .FILL x0000
(32CF) 0000  0000000000000000 ( 554)                 .FILL x0000
(32D0) 0000  0000000000000000 ( 554)                 .FILL x0000
(32D1) 0000  0000000000000000 ( 554)                 .FILL x0000
(32D2) 0000  0000000000000000 ( 554)                 .FILL x0000
(32D3) 0000  0000000000000000 ( 554)                 .FILL x0000
(32D4) 0000  0000000000000000 ( 554)                 .FILL x0000
(32D5) 0000  0000000000000000 ( 554)                 .FILL x0000
(32D6) 0000  0000000000000000 ( 554)                 .FILL x0000
(32D7) 0000  0000000000000000 ( 554)                 .FILL x0000
(32D8) 0000  0000000000000000 ( 554)                 .FILL x0000
(32D9) 0000  0000000000000000 ( 554)                 .FILL x0000
(32DA) 0000  0000000000000000 ( 554)                 .FILL x0000
(32DB) 0000  0000000000000000 ( 554)                 .FILL x0000
(32DC) 0000  0000000000000000 ( 554)                 .FILL x0000
(32DD) 0000  0000000000000000 ( 554)                 .FILL x0000
(32DE) 0000  0000000000000000 ( 554)                 .FILL x0000
(32DF) 0000  0000000000000000 ( 554)                 .FILL x0000
(32E0) 0000  0000000000000000 ( 554)                 .FILL x0000
(32E1) 0000  0000000000000000 ( 554)                 .FILL x0000
(32E2) 0000  0000000000000000 ( 554)                 .FILL x0000
(32E3) 0000  0000000000000000 ( 554)                 .FILL x0000
(32E4) 0000  0000000000000000 ( 554)                 .FILL x0000
(32E5) 0000  0000000000000000 ( 554)                 .FILL x0000
(32E6) 0000  0000000000000000 ( 554)                 .FILL x0000
(32E7) 0000  0000000000000000 ( 554)                 .FILL x0000
(32E8) 0000  0000000000000000 ( 554)                 .FILL x0000
(32E9) 0000  0000000000000000 ( 554)                 .FILL x0000
(32EA) 0000  0000000000000000 ( 554)                 .FILL x0000
(32EB) 0000  0000000000000000 ( 554)                 .FILL x0000
(32EC) 0000  0000000000000000 ( 554)                 .FILL x0000
(32ED) 0000  0000000000000000 ( 554)                 .FILL x0000
(32EE) 0000  0000000000000000 ( 554)                 .FILL x0000
(32EF) 0000  0000000000000000 ( 554)                 .FILL x0000
(32F0) 0000  0000000000000000 ( 554)                 .FILL x0000
(32F1) 0000  0000000000000000 ( 554)                 .FILL x0000
(32F2) 0000  0000000000000000 ( 554)                 .FILL x0000
(32F3) 0000  0000000000000000 ( 554)                 .FILL x0000
(32F4) 0000  0000000000000000 ( 554)                 .FILL x0000
(32F5) 0000  0000000000000000 ( 554)                 .FILL x0000
(32F6) 0000  0000000000000000 ( 554)                 .FILL x0000
(32F7) 0000  0000000000000000 ( 554)                 .FILL x0000
(32F8) 0000  0000000000000000 ( 554)                 .FILL x0000
(32F9) 0000  0000000000000000 ( 554)                 .FILL x0000
(32FA) 0000  0000000000000000 ( 554)                 .FILL x0000
(32FB) 0000  0000000000000000 ( 554)                 .FILL x0000
(32FC) 0000  0000000000000000 ( 554)                 .FILL x0000
(32FD) 0000  0000000000000000 ( 554)                 .FILL x0000
(32FE) 0000  0000000000000000 ( 554)                 .FILL x0000
(32FF) 0000  0000000000000000 ( 554)                 .FILL x0000
(3300) 0000  0000000000000000 ( 554)                 .FILL x0000
(3301) 0000  0000000000000000 ( 554)                 .FILL x0000
(3302) 0000  0000000000000000 ( 554)                 .FILL x0000
(3303) 0000  0000000000000000 ( 554)                 .FILL x0000
(3304) 0000  0000000000000000 ( 554)                 .FILL x0000
(3305) 0000  0000000000000000 ( 554)                 .FILL x0000
(3306) 0000  0000000000000000 ( 554)                 .FILL x0000
(3307) 0000  0000000000000000 ( 554)                 .FILL x0000
(3308) 0000  0000000000000000 ( 554)                 .FILL x0000
(3309) 0000  0000000000000000 ( 554)                 .FILL x0000
(330A) 0000  0000000000000000 ( 554)                 .FILL x0000
(330B) 0000  0000000000000000 ( 554)                 .FILL x0000
(330C) 0000  0000000000000000 ( 554)                 .FILL x0000
(330D) 0000  0000000000000000 ( 554)                 .FILL x0000
(330E) 0000  0000000000000000 ( 554)                 .FILL x0000
(330F) 0000  0000000000000000 ( 554)                 .FILL x0000
(3310) 0000  0000000000000000 ( 554)                 .FILL x0000
(3311) 0000  0000000000000000 ( 554)                 .FILL x0000
(3312) 0000  0000000000000000 ( 554)                 .FILL x0000
(3313) 0000  0000000000000000 ( 554)                 .FILL x0000
(3314) 0000  0000000000000000 ( 554)                 .FILL x0000
(3315) 0000  0000000000000000 ( 554)                 .FILL x0000
(3316) 0000  0000000000000000 ( 554)                 .FILL x0000
(3317) 0000  0000000000000000 ( 554)                 .FILL x0000
(3318) 0000  0000000000000000 ( 554)                 .FILL x0000
(3319) 0000  0000000000000000 ( 554)                 .FILL x0000
(331A) 0000  0000000000000000 ( 554)                 .FILL x0000
(331B) 0000  0000000000000000 ( 554)                 .FILL x0000
(331C) 0000  0000000000000000 ( 554)                 .FILL x0000
(331D) 0000  0000000000000000 ( 554)                 .FILL x0000
(331E) 0000  0000000000000000 ( 554)                 .FILL x0000
(331F) 0000  0000000000000000 ( 554)                 .FILL x0000
(3320) 0000  0000000000000000 ( 554)                 .FILL x0000
(3321) 0000  0000000000000000 ( 554)                 .FILL x0000
(3322) 0000  0000000000000000 ( 554)                 .FILL x0000
(3323) 0000  0000000000000000 ( 554)                 .FILL x0000
(3324) 0000  0000000000000000 ( 554)                 .FILL x0000
(3325) 0000  0000000000000000 ( 554)                 .FILL x0000
(3326) 0000  0000000000000000 ( 554)                 .FILL x0000
(3327) 0000  0000000000000000 ( 554)                 .FILL x0000
(3328) 0000  0000000000000000 ( 554)                 .FILL x0000
(3329) 0000  0000000000000000 ( 554)                 .FILL x0000
(332A) 0000  0000000000000000 ( 554)                 .FILL x0000
(332B) 0000  0000000000000000 ( 554)                 .FILL x0000
(332C) 0000  0000000000000000 ( 554)                 .FILL x0000
(332D) 0000  0000000000000000 ( 554)                 .FILL x0000
(332E) 0000  0000000000000000 ( 554)                 .FILL x0000
(332F) 0000  0000000000000000 ( 554)                 .FILL x0000
(3330) 0000  0000000000000000 ( 554)                 .FILL x0000
(3331) 0000  0000000000000000 ( 554)                 .FILL x0000
(3332) 0000  0000000000000000 ( 554)                 .FILL x0000
(3333) 0000  0000000000000000 ( 554)                 .FILL x0000
(3334) 0000  0000000000000000 ( 554)                 .FILL x0000
(3335) 0000  0000000000000000 ( 554)                 .FILL x0000
(3336) 0000  0000000000000000 ( 554)                 .FILL x0000
(3337) 0000  0000000000000000 ( 554)                 .FILL x0000
(3338) 0000  0000000000000000 ( 554)                 .FILL x0000
(3339) 0000  0000000000000000 ( 554)                 .FILL x0000
(333A) 0000  0000000000000000 ( 554)                 .FILL x0000
(333B) 0000  0000000000000000 ( 554)                 .FILL x0000
(333C) 0000  0000000000000000 ( 554)                 .FILL x0000
(333D) 0000  0000000000000000 ( 554)                 .FILL x0000
(333E) 0000  0000000000000000 ( 554)                 .FILL x0000
(333F) 0000  0000000000000000 ( 554)                 .FILL x0000
(3340) 0000  0000000000000000 ( 554)                 .FILL x0000
(3341) 0000  0000000000000000 ( 554)                 .FILL x0000
(3342) 0000  0000000000000000 ( 554)                 .FILL x0000
(3343) 0000  0000000000000000 ( 554)                 .FILL x0000
(3344) 0000  0000000000000000 ( 554)                 .FILL x0000
(3345) 0000  0000000000000000 ( 554)                 .FILL x0000
(3346) 0000  0000000000000000 ( 554)                 .FILL x0000
(3347) 0000  0000000000000000 ( 554)                 .FILL x0000
(3348) 0000  0000000000000000 ( 554)                 .FILL x0000
(3349) 0000  0000000000000000 ( 554)                 .FILL x0000
(334A) 0000  0000000000000000 ( 554)                 .FILL x0000
(334B) 0000  0000000000000000 ( 554)                 .FILL x0000
(334C) 0000  0000000000000000 ( 554)                 .FILL x0000
(334D) 0000  0000000000000000 ( 554)                 .FILL x0000
(334E) 0000  0000000000000000 ( 554)                 .FILL x0000
(334F) 0000  0000000000000000 ( 554)                 .FILL x0000
(3350) 0000  0000000000000000 ( 554)                 .FILL x0000
(3351) 0000  0000000000000000 ( 554)                 .FILL x0000
(3352) 0000  0000000000000000 ( 554)                 .FILL x0000
(3353) 0000  0000000000000000 ( 554)                 .FILL x0000
(3354) 0000  0000000000000000 ( 554)                 .FILL x0000
(3355) 0000  0000000000000000 ( 554)                 .FILL x0000
(3356) 0000  0000000000000000 ( 554)                 .FILL x0000
(3357) 0000  0000000000000000 ( 554)                 .FILL x0000
(3358) 0000  0000000000000000 ( 554)                 .FILL x0000
(3359) 0000  0000000000000000 ( 554)                 .FILL x0000
(335A) 0000  0000000000000000 ( 554)                 .FILL x0000
(335B) 0000  0000000000000000 ( 554)                 .FILL x0000
(335C) 0000  0000000000000000 ( 554)                 .FILL x0000
(335D) 0000  0000000000000000 ( 554)                 .FILL x0000
(335E) 0000  0000000000000000 ( 554)                 .FILL x0000
(335F) 0000  0000000000000000 ( 554)                 .FILL x0000
(3360) 0000  0000000000000000 ( 554)                 .FILL x0000
(3361) 0000  0000000000000000 ( 554)                 .FILL x0000
(3362) 0000  0000000000000000 ( 554)                 .FILL x0000
(3363) 0000  0000000000000000 ( 554)                 .FILL x0000
(3364) 0000  0000000000000000 ( 554)                 .FILL x0000
(3365) 0000  0000000000000000 ( 554)                 .FILL x0000
(3366) 0000  0000000000000000 ( 554)                 .FILL x0000
(3367) 0000  0000000000000000 ( 554)                 .FILL x0000
(3368) 0000  0000000000000000 ( 554)                 .FILL x0000
(3369) 0000  0000000000000000 ( 554)                 .FILL x0000
(336A) 0000  0000000000000000 ( 554)                 .FILL x0000
(336B) 0000  0000000000000000 ( 554)                 .FILL x0000
(336C) 0000  0000000000000000 ( 554)                 .FILL x0000
(336D) 0000  0000000000000000 ( 554)                 .FILL x0000
(336E) 0000  0000000000000000 ( 554)                 .FILL x0000
(336F) 0000  0000000000000000 ( 554)                 .FILL x0000
(3370) 0000  0000000000000000 ( 554)                 .FILL x0000
(3371) 0000  0000000000000000 ( 554)                 .FILL x0000
(3372) 0000  0000000000000000 ( 554)                 .FILL x0000
(3373) 0000  0000000000000000 ( 554)                 .FILL x0000
(3374) 0000  0000000000000000 ( 554)                 .FILL x0000
(3375) 0000  0000000000000000 ( 554)                 .FILL x0000
(3376) 0000  0000000000000000 ( 554)                 .FILL x0000
(3377) 0000  0000000000000000 ( 554)                 .FILL x0000
(3378) 0000  0000000000000000 ( 554)                 .FILL x0000
(3379) 0000  0000000000000000 ( 554)                 .FILL x0000
(337A) 0000  0000000000000000 ( 554)                 .FILL x0000
(337B) 0000  0000000000000000 ( 554)                 .FILL x0000
(337C) 0000  0000000000000000 ( 554)                 .FILL x0000
(337D) 0000  0000000000000000 ( 554)                 .FILL x0000
(337E) 0000  0000000000000000 ( 554)                 .FILL x0000
(337F) 0000  0000000000000000 ( 554)                 .FILL x0000
(3380) 0000  0000000000000000 ( 554)                 .FILL x0000
(3381) 0000  0000000000000000 ( 554)                 .FILL x0000
(3382) 0000  0000000000000000 ( 554)                 .FILL x0000
(3383) 0000  0000000000000000 ( 554)                 .FILL x0000
